{
72897=LogEntry{start=Log[time=12:12:27, description=scheduled task 016, logEntry=START, PID=72897], end=null},
62401=LogEntry{start=Log[time=12:05:59, description=scheduled task 936, logEntry=START, PID=62401], end=Log[time=12:16:23, description=scheduled task 936, logEntry=END, PID=62401]},
57672=LogEntry{start=Log[time=11:36:11, description=scheduled task 796, logEntry=START, PID=57672], end=Log[time=11:36:18, description=scheduled task 796, logEntry=END, PID=57672]},
32904=LogEntry{start=Log[time=11:49:12, description=scheduled task 697, logEntry=START, PID=32904], end=Log[time=11:49:46, description=scheduled task 697, logEntry=END, PID=32904]},
62922=LogEntry{start=Log[time=12:14:20, description=scheduled task 531, logEntry=START, PID=62922], end=Log[time=12:15:09, description=scheduled task 531, logEntry=END, PID=62922]},
34189=LogEntry{start=Log[time=11:59:43, description=scheduled task 920, logEntry=START, PID=34189], end=Log[time=12:03:02, description=scheduled task 920, logEntry=END, PID=34189]},
23118=LogEntry{start=Log[time=11:40:49, description=scheduled task 188, logEntry=START, PID=23118], end=Log[time=11:41:28, description=scheduled task 188, logEntry=END, PID=23118]},
45135=LogEntry{start=Log[time=11:37:14, description=scheduled task 515, logEntry=START, PID=45135], end=Log[time=11:49:37, description=scheduled task 515, logEntry=END, PID=45135]},
26831=LogEntry{start=Log[time=11:46:04, description=scheduled task 538, logEntry=START, PID=26831], end=Log[time=11:48:16, description=scheduled task 538, logEntry=END, PID=26831]},
64591=LogEntry{start=Log[time=11:57:05, description=scheduled task 521, logEntry=START, PID=64591], end=Log[time=11:58:55, description=scheduled task 521, logEntry=END, PID=64591]},
10515=LogEntry{start=Log[time=11:38:33, description=scheduled task 386, logEntry=START, PID=10515], end=Log[time=11:40:24, description=scheduled task 386, logEntry=END, PID=10515]},
90962=LogEntry{start=Log[time=11:40:51, description=scheduled task 996, logEntry=START, PID=90962], end=Log[time=11:42:46, description=scheduled task 996, logEntry=END, PID=90962]},
87570=LogEntry{start=Log[time=11:53:57, description=scheduled task 794, logEntry=START, PID=87570], end=Log[time=12:01:50, description=scheduled task 794, logEntry=END, PID=87570]},
27222=LogEntry{start=Log[time=11:50:07, description=scheduled task 294, logEntry=START, PID=27222], end=Log[time=11:56:15, description=scheduled task 294, logEntry=END, PID=27222]},
71766=LogEntry{start=Log[time=11:45:04, description=scheduled task 074, logEntry=START, PID=71766], end=Log[time=11:50:51, description=scheduled task 074, logEntry=END, PID=71766]},
23703=LogEntry{start=Log[time=12:04:57, description=scheduled task 374, logEntry=START, PID=23703], end=Log[time=12:18:23, description=scheduled task 374, logEntry=END, PID=23703]},
70808=LogEntry{start=Log[time=11:44:43, description=scheduled task 182, logEntry=START, PID=70808], end=Log[time=12:18:26, description=scheduled task 182, logEntry=END, PID=70808]},
99672=LogEntry{start=Log[time=11:57:08, description=background job sqm, logEntry=START, PID=99672], end=Log[time=12:02:21, description=background job sqm, logEntry=END, PID=99672]},
37980=LogEntry{start=Log[time=11:35:23, description=scheduled task 032, logEntry=START, PID=37980], end=Log[time=11:35:56, description=scheduled task 032, logEntry=END, PID=37980]},
72029=LogEntry{start=Log[time=12:03:20, description=scheduled task 333, logEntry=START, PID=72029], end=null},
75164=LogEntry{start=Log[time=11:45:47, description=scheduled task 173, logEntry=START, PID=75164], end=Log[time=11:46:51, description=scheduled task 173, logEntry=END, PID=75164]},
24799=LogEntry{start=Log[time=11:51:21, description=scheduled task 536, logEntry=START, PID=24799], end=Log[time=11:51:28, description=scheduled task 536, logEntry=END, PID=24799]},
32674=LogEntry{start=Log[time=11:51:06, description=scheduled task 626, logEntry=START, PID=32674], end=Log[time=11:52:32, description=scheduled task 626, logEntry=END, PID=32674]},
24482=LogEntry{start=Log[time=12:10:38, description=scheduled task 672, logEntry=START, PID=24482], end=Log[time=12:19:14, description=scheduled task 672, logEntry=END, PID=24482]},
47139=LogEntry{start=Log[time=11:44:56, description=scheduled task 946, logEntry=START, PID=47139], end=Log[time=11:48:22, description=scheduled task 946, logEntry=END, PID=47139]},
36709=LogEntry{start=Log[time=11:47:04, description=background job djw, logEntry=START, PID=36709], end=Log[time=11:47:54, description=background job djw, logEntry=END, PID=36709]},
60134=LogEntry{start=Log[time=11:41:11, description=background job ulp, logEntry=START, PID=60134], end=Log[time=11:41:55, description=background job ulp, logEntry=END, PID=60134]},
16168=LogEntry{start=Log[time=12:02:39, description=scheduled task 773, logEntry=START, PID=16168], end=Log[time=12:02:55, description=scheduled task 773, logEntry=END, PID=16168]},
55722=LogEntry{start=Log[time=11:54:56, description=background job cmx, logEntry=START, PID=55722], end=Log[time=11:55:43, description=background job cmx, logEntry=END, PID=55722]},
81258=LogEntry{start=Log[time=11:36:58, description=background job wmy, logEntry=START, PID=81258], end=Log[time=11:51:44, description=background job wmy, logEntry=END, PID=81258]},
85742=LogEntry{start=Log[time=11:55:16, description=scheduled task 064, logEntry=START, PID=85742], end=Log[time=12:07:33, description=scheduled task 064, logEntry=END, PID=85742]},
38579=LogEntry{start=Log[time=11:50:09, description=background job you, logEntry=START, PID=38579], end=Log[time=11:53:42, description=background job you, logEntry=END, PID=38579]},
22003=LogEntry{start=Log[time=11:55:29, description=scheduled task 004, logEntry=START, PID=22003], end=Log[time=12:06:42, description=scheduled task 004, logEntry=END, PID=22003]},
39860=LogEntry{start=Log[time=11:53:17, description=scheduled task 460, logEntry=START, PID=39860], end=Log[time=12:13:09, description=scheduled task 460, logEntry=END, PID=39860]},
52532=LogEntry{start=Log[time=12:00:03, description=background job tqc, logEntry=START, PID=52532], end=Log[time=12:13:56, description=background job tqc, logEntry=END, PID=52532]},
96183=LogEntry{start=Log[time=11:58:12, description=scheduled task 678, logEntry=START, PID=96183], end=Log[time=12:02:26, description=scheduled task 678, logEntry=END, PID=96183]},
50295=LogEntry{start=Log[time=11:48:45, description=scheduled task 811, logEntry=START, PID=50295], end=Log[time=11:55:20, description=scheduled task 811, logEntry=END, PID=50295]},
33528=LogEntry{start=Log[time=11:52:47, description=scheduled task 706, logEntry=START, PID=33528], end=Log[time=11:56:09, description=scheduled task 706, logEntry=END, PID=33528]},
67833=LogEntry{start=Log[time=11:57:16, description=scheduled task 080, logEntry=START, PID=67833], end=Log[time=12:00:51, description=scheduled task 080, logEntry=END, PID=67833]},
39547=LogEntry{start=Log[time=11:37:53, description=scheduled task 051, logEntry=START, PID=39547], end=Log[time=11:49:22, description=scheduled task 051, logEntry=END, PID=39547]},
98746=LogEntry{start=Log[time=12:04:18, description=scheduled task 746, logEntry=START, PID=98746], end=Log[time=12:11:35, description=scheduled task 746, logEntry=END, PID=98746]},
90812=LogEntry{start=Log[time=11:39:26, description=background job dej, logEntry=START, PID=90812], end=Log[time=11:43:32, description=background job dej, logEntry=END, PID=90812]},
87228=LogEntry{start=Log[time=11:44:25, description=scheduled task 268, logEntry=START, PID=87228], end=Log[time=11:53:53, description=scheduled task 268, logEntry=END, PID=87228]},
86716=LogEntry{start=Log[time=11:59:29, description=background job xfg, logEntry=START, PID=86716], end=Log[time=12:05:03, description=background job xfg, logEntry=END, PID=86716]},
81470=LogEntry{start=Log[time=12:08:30, description=background job wiy, logEntry=START, PID=81470], end=Log[time=12:09:33, description=background job wiy, logEntry=END, PID=81470]}}
